This is pdfTeX, Version 3.14159265-2.6-1.40.16 (TeX Live 2015/Debian) (preloaded format=pdflatex 2018.10.12)  30 NOV 2018 20:20
entering extended mode
 restricted \write18 enabled.
 %&-line parsing enabled.
**StudentWriteup.tex
(./StudentWriteup.tex
LaTeX2e <2016/02/01>
Babel <3.9q> and hyphenation patterns for 81 language(s) loaded.
(/usr/share/texlive/texmf-dist/tex/latex/base/article.cls
Document Class: article 2014/09/29 v1.4h Standard LaTeX document class
(/usr/share/texlive/texmf-dist/tex/latex/base/size11.clo
File: size11.clo 2014/09/29 v1.4h Standard LaTeX file (size option)
)
\c@part=\count79
\c@section=\count80
\c@subsection=\count81
\c@subsubsection=\count82
\c@paragraph=\count83
\c@subparagraph=\count84
\c@figure=\count85
\c@table=\count86
\abovecaptionskip=\skip41
\belowcaptionskip=\skip42
\bibindent=\dimen102
)
(/usr/share/texlive/texmf-dist/tex/latex/geometry/geometry.sty
Package: geometry 2010/09/12 v5.6 Page Geometry

(/usr/share/texlive/texmf-dist/tex/latex/graphics/keyval.sty
Package: keyval 2014/10/28 v1.15 key=value parser (DPC)
\KV@toks@=\toks14
)
(/usr/share/texlive/texmf-dist/tex/generic/oberdiek/ifpdf.sty
Package: ifpdf 2011/01/30 v2.3 Provides the ifpdf switch (HO)
Package ifpdf Info: pdfTeX in PDF mode is detected.
)
(/usr/share/texlive/texmf-dist/tex/generic/oberdiek/ifvtex.sty
Package: ifvtex 2010/03/01 v1.5 Detect VTeX and its facilities (HO)
Package ifvtex Info: VTeX not detected.
)
(/usr/share/texlive/texmf-dist/tex/generic/ifxetex/ifxetex.sty
Package: ifxetex 2010/09/12 v0.6 Provides ifxetex conditional
)
\Gm@cnth=\count87
\Gm@cntv=\count88
\c@Gm@tempcnt=\count89
\Gm@bindingoffset=\dimen103
\Gm@wd@mp=\dimen104
\Gm@odd@mp=\dimen105
\Gm@even@mp=\dimen106
\Gm@layoutwidth=\dimen107
\Gm@layoutheight=\dimen108
\Gm@layouthoffset=\dimen109
\Gm@layoutvoffset=\dimen110
\Gm@dimlist=\toks15
)
(/usr/share/texlive/texmf-dist/tex/latex/setspace/setspace.sty
Package: setspace 2011/12/19 v6.7a set line spacing
)
(/usr/share/texlive/texmf-dist/tex/latex/url/url.sty
\Urlmuskip=\muskip10
Package: url 2013/09/16  ver 3.4  Verb mode for urls, etc.
)
(/usr/share/texlive/texmf-dist/tex/latex/tools/bm.sty
Package: bm 2014/10/28 v1.1c Bold Symbol Support (DPC/FMi)
\symboldoperators=\mathgroup4
\symboldletters=\mathgroup5
\symboldsymbols=\mathgroup6
LaTeX Font Info:    Redeclaring math alphabet \mathbf on input line 141.
LaTeX Info: Redefining \bm on input line 207.
)
(/usr/share/texlive/texmf-dist/tex/latex/amsmath/amsmath.sty
Package: amsmath 2016/03/03 v2.15a AMS math features
\@mathmargin=\skip43

For additional information on amsmath, use the `?' option.
(/usr/share/texlive/texmf-dist/tex/latex/amsmath/amstext.sty
Package: amstext 2000/06/29 v2.01 AMS text

(/usr/share/texlive/texmf-dist/tex/latex/amsmath/amsgen.sty
File: amsgen.sty 1999/11/30 v2.0 generic functions
\@emptytoks=\toks16
\ex@=\dimen111
))
(/usr/share/texlive/texmf-dist/tex/latex/amsmath/amsbsy.sty
Package: amsbsy 1999/11/29 v1.2d Bold Symbols
LaTeX Info: Redefining \boldsymbol on input line 28.
\pmbraise@=\dimen112
)
(/usr/share/texlive/texmf-dist/tex/latex/amsmath/amsopn.sty
Package: amsopn 1999/12/14 v2.01 operator names
)
\inf@bad=\count90
LaTeX Info: Redefining \frac on input line 199.
\uproot@=\count91
\leftroot@=\count92
LaTeX Info: Redefining \overline on input line 297.
\classnum@=\count93
\DOTSCASE@=\count94
LaTeX Info: Redefining \ldots on input line 394.
LaTeX Info: Redefining \dots on input line 397.
LaTeX Info: Redefining \cdots on input line 518.
\Mathstrutbox@=\box26
\strutbox@=\box27
\big@size=\dimen113
LaTeX Font Info:    Redeclaring font encoding OML on input line 630.
LaTeX Font Info:    Redeclaring font encoding OMS on input line 631.
\macc@depth=\count95
\c@MaxMatrixCols=\count96
\dotsspace@=\muskip11
\c@parentequation=\count97
\dspbrk@lvl=\count98
\tag@help=\toks17
\row@=\count99
\column@=\count100
\maxfields@=\count101
\andhelp@=\toks18
\eqnshift@=\dimen114
\alignsep@=\dimen115
\tagshift@=\dimen116
\tagwidth@=\dimen117
\totwidth@=\dimen118
\lineht@=\dimen119
\@envbody=\toks19
\multlinegap=\skip44
\multlinetaggap=\skip45
\mathdisplay@stack=\toks20
LaTeX Info: Redefining \[ on input line 2735.
LaTeX Info: Redefining \] on input line 2736.
)
(/usr/share/texlive/texmf-dist/tex/latex/titlesec/titlesec.sty
Package: titlesec 2016/03/15 v2.10.1 Sectioning titles
\ttl@box=\box28
\beforetitleunit=\skip46
\aftertitleunit=\skip47
\ttl@plus=\dimen120
\ttl@minus=\dimen121
\ttl@toksa=\toks21
\titlewidth=\dimen122
\titlewidthlast=\dimen123
\titlewidthfirst=\dimen124
)
(/usr/share/texlive/texmf-dist/tex/latex/natbib/natbib.sty
Package: natbib 2010/09/13 8.31b (PWD, AO)
\bibhang=\skip48
\bibsep=\skip49
LaTeX Info: Redefining \cite on input line 694.
\c@NAT@ctr=\count102
)
(/usr/share/texlive/texmf-dist/tex/latex/graphics/graphicx.sty
Package: graphicx 2014/10/28 v1.0g Enhanced LaTeX Graphics (DPC,SPQR)

(/usr/share/texlive/texmf-dist/tex/latex/graphics/graphics.sty
Package: graphics 2016/01/03 v1.0q Standard LaTeX Graphics (DPC,SPQR)

(/usr/share/texlive/texmf-dist/tex/latex/graphics/trig.sty
Package: trig 2016/01/03 v1.10 sin cos tan (DPC)
)
(/usr/share/texlive/texmf-dist/tex/latex/latexconfig/graphics.cfg
File: graphics.cfg 2010/04/23 v1.9 graphics configuration of TeX Live
)
Package graphics Info: Driver file: pdftex.def on input line 95.

(/usr/share/texlive/texmf-dist/tex/latex/pdftex-def/pdftex.def
File: pdftex.def 2011/05/27 v0.06d Graphics/color for pdfTeX

(/usr/share/texlive/texmf-dist/tex/generic/oberdiek/infwarerr.sty
Package: infwarerr 2010/04/08 v1.3 Providing info/warning/error messages (HO)
)
(/usr/share/texlive/texmf-dist/tex/generic/oberdiek/ltxcmds.sty
Package: ltxcmds 2011/11/09 v1.22 LaTeX kernel commands for general use (HO)
)
\Gread@gobject=\count103
))
\Gin@req@height=\dimen125
\Gin@req@width=\dimen126
)
(/usr/share/texlive/texmf-dist/tex/latex/bbm-macros/bbm.sty
Package: bbm 1999/03/15 V 1.2 provides fonts for set symbols - TH
LaTeX Font Info:    Overwriting math alphabet `\mathbbm' in version `bold'
(Font)                  U/bbm/m/n --> U/bbm/bx/n on input line 33.
LaTeX Font Info:    Overwriting math alphabet `\mathbbmss' in version `bold'
(Font)                  U/bbmss/m/n --> U/bbmss/bx/n on input line 35.
)
(/usr/share/texlive/texmf-dist/tex/latex/base/latexsym.sty
Package: latexsym 1998/08/17 v2.2e Standard LaTeX package (lasy symbols)
\symlasy=\mathgroup7
LaTeX Font Info:    Overwriting symbol font `lasy' in version `bold'
(Font)                  U/lasy/m/n --> U/lasy/b/n on input line 52.
)
(/usr/share/texlive/texmf-dist/tex/latex/caption/caption.sty
Package: caption 2016/02/21 v3.3-144 Customizing captions (AR)

(/usr/share/texlive/texmf-dist/tex/latex/caption/caption3.sty
Package: caption3 2016/02/04 v1.7-139 caption3 kernel (AR)
Package caption3 Info: TeX engine: e-TeX on input line 67.
\captionmargin=\dimen127
\captionmargin@=\dimen128
\captionwidth=\dimen129
\caption@tempdima=\dimen130
\caption@indent=\dimen131
\caption@parindent=\dimen132
\caption@hangindent=\dimen133
)
\c@ContinuedFloat=\count104
)
(/usr/share/texlive/texmf-dist/tex/latex/caption/subcaption.sty
Package: subcaption 2016/02/20 v1.1-142 Sub-captions (AR)
\c@subfigure=\count105
\c@subtable=\count106
)
(/usr/share/texlive/texmf-dist/tex/latex/hyperref/hyperref.sty
Package: hyperref 2012/11/06 v6.83m Hypertext links for LaTeX

(/usr/share/texlive/texmf-dist/tex/generic/oberdiek/hobsub-hyperref.sty
Package: hobsub-hyperref 2012/05/28 v1.13 Bundle oberdiek, subset hyperref (HO)


(/usr/share/texlive/texmf-dist/tex/generic/oberdiek/hobsub-generic.sty
Package: hobsub-generic 2012/05/28 v1.13 Bundle oberdiek, subset generic (HO)
Package: hobsub 2012/05/28 v1.13 Construct package bundles (HO)
Package hobsub Info: Skipping package `infwarerr' (already loaded).
Package hobsub Info: Skipping package `ltxcmds' (already loaded).
Package: ifluatex 2010/03/01 v1.3 Provides the ifluatex switch (HO)
Package ifluatex Info: LuaTeX not detected.
Package hobsub Info: Skipping package `ifvtex' (already loaded).
Package: intcalc 2007/09/27 v1.1 Expandable calculations with integers (HO)
Package hobsub Info: Skipping package `ifpdf' (already loaded).
Package: etexcmds 2011/02/16 v1.5 Avoid name clashes with e-TeX commands (HO)
Package etexcmds Info: Could not find \expanded.
(etexcmds)             That can mean that you are not using pdfTeX 1.50 or
(etexcmds)             that some package has redefined \expanded.
(etexcmds)             In the latter case, load this package earlier.
Package: kvsetkeys 2012/04/25 v1.16 Key value parser (HO)
Package: kvdefinekeys 2011/04/07 v1.3 Define keys (HO)
Package: pdftexcmds 2011/11/29 v0.20 Utility functions of pdfTeX for LuaTeX (HO
)
Package pdftexcmds Info: LuaTeX not detected.
Package pdftexcmds Info: \pdf@primitive is available.
Package pdftexcmds Info: \pdf@ifprimitive is available.
Package pdftexcmds Info: \pdfdraftmode found.
Package: pdfescape 2011/11/25 v1.13 Implements pdfTeX's escape features (HO)
Package: bigintcalc 2012/04/08 v1.3 Expandable calculations on big integers (HO
)
Package: bitset 2011/01/30 v1.1 Handle bit-vector datatype (HO)
Package: uniquecounter 2011/01/30 v1.2 Provide unlimited unique counter (HO)
)
Package hobsub Info: Skipping package `hobsub' (already loaded).
Package: letltxmacro 2010/09/02 v1.4 Let assignment for LaTeX macros (HO)
Package: hopatch 2012/05/28 v1.2 Wrapper for package hooks (HO)
Package: xcolor-patch 2011/01/30 xcolor patch
Package: atveryend 2011/06/30 v1.8 Hooks at the very end of document (HO)
Package atveryend Info: \enddocument detected (standard20110627).
Package: atbegshi 2011/10/05 v1.16 At begin shipout hook (HO)
Package: refcount 2011/10/16 v3.4 Data extraction from label references (HO)
Package: hycolor 2011/01/30 v1.7 Color options for hyperref/bookmark (HO)
)
(/usr/share/texlive/texmf-dist/tex/latex/oberdiek/auxhook.sty
Package: auxhook 2011/03/04 v1.3 Hooks for auxiliary files (HO)
)
(/usr/share/texlive/texmf-dist/tex/latex/oberdiek/kvoptions.sty
Package: kvoptions 2011/06/30 v3.11 Key value format for package options (HO)
)
\@linkdim=\dimen134
\Hy@linkcounter=\count107
\Hy@pagecounter=\count108

(/usr/share/texlive/texmf-dist/tex/latex/hyperref/pd1enc.def
File: pd1enc.def 2012/11/06 v6.83m Hyperref: PDFDocEncoding definition (HO)
)
\Hy@SavedSpaceFactor=\count109

(/usr/share/texlive/texmf-dist/tex/latex/latexconfig/hyperref.cfg
File: hyperref.cfg 2002/06/06 v1.2 hyperref configuration of TeXLive
)
Package hyperref Info: Hyper figures OFF on input line 4443.
Package hyperref Info: Link nesting OFF on input line 4448.
Package hyperref Info: Hyper index ON on input line 4451.
Package hyperref Info: Plain pages OFF on input line 4458.
Package hyperref Info: Backreferencing OFF on input line 4463.
Package hyperref Info: Implicit mode ON; LaTeX internals redefined.
Package hyperref Info: Bookmarks ON on input line 4688.
\c@Hy@tempcnt=\count110
LaTeX Info: Redefining \url on input line 5041.
\XeTeXLinkMargin=\dimen135
\Fld@menulength=\count111
\Field@Width=\dimen136
\Fld@charsize=\dimen137
Package hyperref Info: Hyper figures OFF on input line 6295.
Package hyperref Info: Link nesting OFF on input line 6300.
Package hyperref Info: Hyper index ON on input line 6303.
Package hyperref Info: backreferencing OFF on input line 6310.
Package hyperref Info: Link coloring OFF on input line 6315.
Package hyperref Info: Link coloring with OCG OFF on input line 6320.
Package hyperref Info: PDF/A mode OFF on input line 6325.
LaTeX Info: Redefining \ref on input line 6365.
LaTeX Info: Redefining \pageref on input line 6369.
\Hy@abspage=\count112
\c@Item=\count113
\c@Hfootnote=\count114
)

Package hyperref Message: Driver (autodetected): hpdftex.

(/usr/share/texlive/texmf-dist/tex/latex/hyperref/hpdftex.def
File: hpdftex.def 2012/11/06 v6.83m Hyperref driver for pdfTeX
\Fld@listcount=\count115
\c@bookmark@seq@number=\count116

(/usr/share/texlive/texmf-dist/tex/latex/oberdiek/rerunfilecheck.sty
Package: rerunfilecheck 2011/04/15 v1.7 Rerun checks for auxiliary files (HO)
Package uniquecounter Info: New unique counter `rerunfilecheck' on input line 2
82.
)
\Hy@SectionHShift=\skip50
)
(/usr/share/texlive/texmf-dist/tex/latex/algorithm2e/algorithm2e.sty
Package: algorithm2e 2013/01/06 v5.00 algorithms environments
\c@AlgoLine=\count117

(/usr/share/texlive/texmf-dist/tex/latex/base/ifthen.sty
Package: ifthen 2014/09/29 v1.1c Standard LaTeX ifthen package (DPC)
)
\algocf@hangindent=\skip51

(/usr/share/texlive/texmf-dist/tex/latex/tools/xspace.sty
Package: xspace 2014/10/28 v1.13 Space after command names (DPC,MH)
)
(/usr/share/texlive/texmf-dist/tex/latex/relsize/relsize.sty
Package: relsize 2013/03/29 ver 4.1
)
********************************************************
Package `algorithm2e' Release 5.1 -- october 19 2015 --
- algorithm2e-announce@lirmm.fr mailing list for announcement about releases
- algorithm2e-discussion@lirmm.fr mailing list for discussion about package
subscribe by emailing sympa@lirmm.fr with 'subscribe <list> <firstname name>'
- Author: Christophe Fiorio (christophe.fiorio@umontpellier.fr)
********************************************************
\skiptotal=\skip52
\skiplinenumber=\skip53
\skiprule=\skip54
\skiphlne=\skip55
\skiptext=\skip56
\skiplength=\skip57
\algomargin=\skip58
\skipalgocfslide=\skip59
\algowidth=\dimen138
\inoutsize=\dimen139
\inoutindent=\dimen140
\interspacetitleruled=\dimen141
\interspacealgoruled=\dimen142
\interspacetitleboxruled=\dimen143
\algocf@ruledwidth=\skip60
\algocf@inoutbox=\box29
\algocf@inputbox=\box30
\AlCapSkip=\skip61
\AlCapHSkip=\skip62
\algoskipindent=\skip63
\algocf@nlbox=\box31
\algocf@hangingbox=\box32
\algocf@untilbox=\box33
\algocf@skipuntil=\skip64
\algocf@capbox=\box34
\algoheightruledefault=\skip65
\algoheightrule=\skip66
\algotitleheightruledefault=\skip67
\algotitleheightrule=\skip68
\c@algocfline=\count118
\c@algocfproc=\count119
\c@algocf=\count120
\algocf@algoframe=\box35
\algocf@algobox=\box36
) (/usr/share/texlive/texmf-dist/tex/latex/booktabs/booktabs.sty
Package: booktabs 2005/04/14 v1.61803 publication quality tables
\heavyrulewidth=\dimen144
\lightrulewidth=\dimen145
\cmidrulewidth=\dimen146
\belowrulesep=\dimen147
\belowbottomsep=\dimen148
\aboverulesep=\dimen149
\abovetopsep=\dimen150
\cmidrulesep=\dimen151
\cmidrulekern=\dimen152
\defaultaddspace=\dimen153
\@cmidla=\count121
\@cmidlb=\count122
\@aboverulesep=\dimen154
\@belowrulesep=\dimen155
\@thisruleclass=\count123
\@lastruleclass=\count124
\@thisrulewidth=\dimen156
)
(/usr/share/texlive/texmf-dist/tex/latex/tools/enumerate.sty
Package: enumerate 2015/07/23 v3.00 enumerate extensions (DPC)
\@enLab=\toks22
)
(/usr/share/texlive/texmf-dist/tex/latex/mathtools/mathtools.sty
Package: mathtools 2015/11/12 v1.18 mathematical typesetting tools

(/usr/share/texlive/texmf-dist/tex/latex/tools/calc.sty
Package: calc 2014/10/28 v4.3 Infix arithmetic (KKT,FJ)
\calc@Acount=\count125
\calc@Bcount=\count126
\calc@Adimen=\dimen157
\calc@Bdimen=\dimen158
\calc@Askip=\skip69
\calc@Bskip=\skip70
LaTeX Info: Redefining \setlength on input line 80.
LaTeX Info: Redefining \addtolength on input line 81.
\calc@Ccount=\count127
\calc@Cskip=\skip71
)
(/usr/share/texlive/texmf-dist/tex/latex/mathtools/mhsetup.sty
Package: mhsetup 2010/01/21 v1.2a programming setup (MH)
)
LaTeX Info: Thecontrolsequence`\('isalreadyrobust on input line 129.
LaTeX Info: Thecontrolsequence`\)'isalreadyrobust on input line 129.
LaTeX Info: Thecontrolsequence`\['isalreadyrobust on input line 129.
LaTeX Info: Thecontrolsequence`\]'isalreadyrobust on input line 129.
\g_MT_multlinerow_int=\count128
\l_MT_multwidth_dim=\dimen159
\origjot=\skip72
\l_MT_shortvdotswithinadjustabove_dim=\dimen160
\l_MT_shortvdotswithinadjustbelow_dim=\dimen161
\l_MT_above_intertext_sep=\dimen162
\l_MT_below_intertext_sep=\dimen163
\l_MT_above_shortintertext_sep=\dimen164
\l_MT_below_shortintertext_sep=\dimen165
)
(/usr/share/texlive/texmf-dist/tex/latex/amscls/amsthm.sty
Package: amsthm 2015/03/04 v2.20.2
\thm@style=\toks23
\thm@bodyfont=\toks24
\thm@headfont=\toks25
\thm@notefont=\toks26
\thm@headpunct=\toks27
\thm@preskip=\skip73
\thm@postskip=\skip74
\thm@headsep=\skip75
\dth@everypar=\toks28
)
(/usr/share/texlive/texmf-dist/tex/latex/amsfonts/amssymb.sty
Package: amssymb 2013/01/14 v3.01 AMS font symbols

(/usr/share/texlive/texmf-dist/tex/latex/amsfonts/amsfonts.sty
Package: amsfonts 2013/01/14 v3.01 Basic AMSFonts support
\symAMSa=\mathgroup8
\symAMSb=\mathgroup9
LaTeX Font Info:    Overwriting math alphabet `\mathfrak' in version `bold'
(Font)                  U/euf/m/n --> U/euf/b/n on input line 106.
))
(/usr/share/texlive/texmf-dist/tex/latex/graphics/color.sty
Package: color 2016/01/03 v1.1b Standard LaTeX Color (DPC)

(/usr/share/texlive/texmf-dist/tex/latex/latexconfig/color.cfg
File: color.cfg 2007/01/18 v1.5 color configuration of teTeX/TeXLive
)
Package color Info: Driver file: pdftex.def on input line 143.
)
(/usr/share/texlive/texmf-dist/tex/latex/comment/comment.sty
\CommentStream=\write3

Excluding comment 'comment')
(/usr/share/texlive/texmf-dist/tex/latex/jknapltx/mathrsfs.sty
Package: mathrsfs 1996/01/01 Math RSFS package v1.0 (jk)
\symrsfs=\mathgroup10
)
(/usr/share/texlive/texmf-dist/tex/latex/listings/listings.sty
\lst@mode=\count129
\lst@gtempboxa=\box37
\lst@token=\toks29
\lst@length=\count130
\lst@currlwidth=\dimen166
\lst@column=\count131
\lst@pos=\count132
\lst@lostspace=\dimen167
\lst@width=\dimen168
\lst@newlines=\count133
\lst@lineno=\count134
\lst@maxwidth=\dimen169

(/usr/share/texlive/texmf-dist/tex/latex/listings/lstmisc.sty
File: lstmisc.sty 2015/06/04 1.6 (Carsten Heinz)
\c@lstnumber=\count135
\lst@skipnumbers=\count136
\lst@framebox=\box38
)
(/usr/share/texlive/texmf-dist/tex/latex/listings/listings.cfg
File: listings.cfg 2015/06/04 1.6 listings configuration
))
Package: listings 2015/06/04 1.6 (Carsten Heinz)

(/usr/share/texlive/texmf-dist/tex/latex/xcolor/xcolor.sty
Package: xcolor 2007/01/21 v2.11 LaTeX color extensions (UK)

(/usr/share/texlive/texmf-dist/tex/latex/latexconfig/color.cfg
File: color.cfg 2007/01/18 v1.5 color configuration of teTeX/TeXLive
)
Package xcolor Info: Driver file: pdftex.def on input line 225.

(/usr/share/texlive/texmf-dist/tex/latex/colortbl/colortbl.sty
Package: colortbl 2012/02/13 v1.0a Color table columns (DPC)

(/usr/share/texlive/texmf-dist/tex/latex/tools/array.sty
Package: array 2014/10/28 v2.4c Tabular extension package (FMi)
\col@sep=\dimen170
\extrarowheight=\dimen171
\NC@list=\toks30
\extratabsurround=\skip76
\backup@length=\skip77
)
\everycr=\toks31
\minrowclearance=\skip78
)
LaTeX Info: Redefining \color on input line 702.
\rownum=\count137
Package xcolor Info: Model `cmy' substituted by `cmy0' on input line 1337.
Package xcolor Info: Model `hsb' substituted by `rgb' on input line 1341.
Package xcolor Info: Model `RGB' extended on input line 1353.
Package xcolor Info: Model `HTML' substituted by `rgb' on input line 1355.
Package xcolor Info: Model `Hsb' substituted by `hsb' on input line 1356.
Package xcolor Info: Model `tHsb' substituted by `hsb' on input line 1357.
Package xcolor Info: Model `HSB' substituted by `hsb' on input line 1358.
Package xcolor Info: Model `Gray' substituted by `gray' on input line 1359.
Package xcolor Info: Model `wave' substituted by `hsb' on input line 1360.
)
\c@assume=\count138
\c@rmk=\count139
\c@thm=\count140
\c@proposition=\count141
\c@lem=\count142
\c@example=\count143
\c@excont=\count144
\c@definition=\count145
\c@cor=\count146
\c@condition=\count147

(/usr/share/texlive/texmf-dist/tex/latex/psnfss/mathpazo.sty
Package: mathpazo 2005/04/12 PSNFSS-v9.2a Palatino w/ Pazo Math (D.Puga, WaS) 
\symupright=\mathgroup11
)
(./StudentWriteup.aux)
\openout1 = `StudentWriteup.aux'.

LaTeX Font Info:    Checking defaults for OML/cmm/m/it on input line 111.
LaTeX Font Info:    ... okay on input line 111.
LaTeX Font Info:    Checking defaults for T1/cmr/m/n on input line 111.
LaTeX Font Info:    ... okay on input line 111.
LaTeX Font Info:    Checking defaults for OT1/cmr/m/n on input line 111.
LaTeX Font Info:    ... okay on input line 111.
LaTeX Font Info:    Checking defaults for OMS/cmsy/m/n on input line 111.
LaTeX Font Info:    ... okay on input line 111.
LaTeX Font Info:    Checking defaults for OMX/cmex/m/n on input line 111.
LaTeX Font Info:    ... okay on input line 111.
LaTeX Font Info:    Checking defaults for U/cmr/m/n on input line 111.
LaTeX Font Info:    ... okay on input line 111.
LaTeX Font Info:    Checking defaults for PD1/pdf/m/n on input line 111.
LaTeX Font Info:    ... okay on input line 111.
LaTeX Font Info:    Try loading font information for OT1+pplx on input line 111
.

(/usr/share/texlive/texmf-dist/tex/latex/psnfss/ot1pplx.fd
File: ot1pplx.fd 2004/09/06 font definitions for OT1/pplx.
)
*geometry* driver: auto-detecting
*geometry* detected driver: pdftex
*geometry* verbose mode - [ preamble ] result:
* driver: pdftex
* paper: <default>
* layout: <same size as paper>
* layoutoffset:(h,v)=(0.0pt,0.0pt)
* modes: 
* h-part:(L,W,R)=(72.26999pt, 469.75502pt, 72.26999pt)
* v-part:(T,H,B)=(72.26999pt, 650.43001pt, 72.26999pt)
* \paperwidth=614.295pt
* \paperheight=794.96999pt
* \textwidth=469.75502pt
* \textheight=650.43001pt
* \oddsidemargin=0.0pt
* \evensidemargin=0.0pt
* \topmargin=-32.22743pt
* \headheight=7.22743pt
* \headsep=25.0pt
* \topskip=11.0pt
* \footskip=24.0pt
* \marginparwidth=59.0pt
* \marginparsep=10.0pt
* \columnsep=10.0pt
* \skip\footins=10.0pt plus 4.0pt minus 2.0pt
* \hoffset=0.0pt
* \voffset=0.0pt
* \mag=1000
* \@twocolumnfalse
* \@twosidefalse
* \@mparswitchfalse
* \@reversemarginfalse
* (1in=72.27pt=25.4mm, 1cm=28.453pt)

(/usr/share/texlive/texmf-dist/tex/context/base/supp-pdf.mkii
[Loading MPS to PDF converter (version 2006.09.02).]
\scratchcounter=\count148
\scratchdimen=\dimen172
\scratchbox=\box39
\nofMPsegments=\count149
\nofMParguments=\count150
\everyMPshowfont=\toks32
\MPscratchCnt=\count151
\MPscratchDim=\dimen173
\MPnumerator=\count152
\makeMPintoPDFobject=\count153
\everyMPtoPDFconversion=\toks33
) (/usr/share/texlive/texmf-dist/tex/latex/oberdiek/epstopdf-base.sty
Package: epstopdf-base 2010/02/09 v2.5 Base part for package epstopdf

(/usr/share/texlive/texmf-dist/tex/latex/oberdiek/grfext.sty
Package: grfext 2010/08/19 v1.1 Manage graphics extensions (HO)
)
Package grfext Info: Graphics extension search list:
(grfext)             [.png,.pdf,.jpg,.mps,.jpeg,.jbig2,.jb2,.PNG,.PDF,.JPG,.JPE
G,.JBIG2,.JB2,.eps]
(grfext)             \AppendGraphicsExtensions on input line 452.

(/usr/share/texlive/texmf-dist/tex/latex/latexconfig/epstopdf-sys.cfg
File: epstopdf-sys.cfg 2010/07/13 v1.3 Configuration of (r)epstopdf for TeX Liv
e
))
Package caption Info: Begin \AtBeginDocument code.
Package caption Info: hyperref package is loaded.
Package caption Info: listings package is loaded.
Package caption Info: End \AtBeginDocument code.
\AtBeginShipoutBox=\box40
Package hyperref Info: Link coloring OFF on input line 111.

(/usr/share/texlive/texmf-dist/tex/latex/hyperref/nameref.sty
Package: nameref 2012/10/27 v2.43 Cross-referencing by name of section

(/usr/share/texlive/texmf-dist/tex/generic/oberdiek/gettitlestring.sty
Package: gettitlestring 2010/12/03 v1.4 Cleanup title references (HO)
)
\c@section@level=\count154
)
LaTeX Info: Redefining \ref on input line 111.
LaTeX Info: Redefining \pageref on input line 111.
LaTeX Info: Redefining \nameref on input line 111.

(./StudentWriteup.out) (./StudentWriteup.out)
\@outlinefile=\write4
\openout4 = `StudentWriteup.out'.

\c@lstlisting=\count155
LaTeX Font Info:    Font shape `OT1/pplx/bx/n' in size <17.28> not available
(Font)              Font shape `OT1/pplx/b/n' tried instead on input line 125.
LaTeX Font Info:    Try loading font information for OML+zplm on input line 125
.

(/usr/share/texlive/texmf-dist/tex/latex/psnfss/omlzplm.fd
File: omlzplm.fd 2002/09/08 Fontinst v1.914 font definitions for OML/zplm.
)
LaTeX Font Info:    Try loading font information for OMS+zplm on input line 125
.

(/usr/share/texlive/texmf-dist/tex/latex/psnfss/omszplm.fd
File: omszplm.fd 2002/09/08 Fontinst v1.914 font definitions for OMS/zplm.
)
LaTeX Font Info:    Try loading font information for OMX+zplm on input line 125
.

(/usr/share/texlive/texmf-dist/tex/latex/psnfss/omxzplm.fd
File: omxzplm.fd 2002/09/08 Fontinst v1.914 font definitions for OMX/zplm.
)
LaTeX Font Info:    Try loading font information for U+lasy on input line 125.

(/usr/share/texlive/texmf-dist/tex/latex/base/ulasy.fd
File: ulasy.fd 1998/08/17 v2.2e LaTeX symbol font definitions
)
LaTeX Font Info:    Font shape `U/msa/m/n' will be
(Font)              scaled to size 12.50409pt on input line 125.
LaTeX Font Info:    Font shape `U/msa/m/n' will be
(Font)              scaled to size 9.37807pt on input line 125.
LaTeX Font Info:    Font shape `U/msa/m/n' will be
(Font)              scaled to size 7.29405pt on input line 125.
LaTeX Font Info:    Font shape `U/msb/m/n' will be
(Font)              scaled to size 12.50409pt on input line 125.
LaTeX Font Info:    Font shape `U/msb/m/n' will be
(Font)              scaled to size 9.37807pt on input line 125.
LaTeX Font Info:    Font shape `U/msb/m/n' will be
(Font)              scaled to size 7.29405pt on input line 125.
LaTeX Font Info:    Try loading font information for U+rsfs on input line 125.

(/usr/share/texlive/texmf-dist/tex/latex/jknapltx/ursfs.fd
File: ursfs.fd 1998/03/24 rsfs font definition file (jk)
)
LaTeX Font Info:    Try loading font information for OT1+zplm on input line 125
.

(/usr/share/texlive/texmf-dist/tex/latex/psnfss/ot1zplm.fd
File: ot1zplm.fd 2002/09/08 Fontinst v1.914 font definitions for OT1/zplm.
)
LaTeX Font Info:    Try loading font information for OMS+pplx on input line 125
.
LaTeX Font Info:    No file OMSpplx.fd. on input line 125.


LaTeX Font Warning: Font shape `OMS/pplx/m/n' undefined
(Font)              using `OMS/cmsy/m/n' instead
(Font)              for symbol `textasteriskcentered' on input line 125.

LaTeX Font Info:    Font shape `U/msa/m/n' will be
(Font)              scaled to size 5.21004pt on input line 125.
LaTeX Font Info:    Font shape `U/msb/m/n' will be
(Font)              scaled to size 5.21004pt on input line 125.
LaTeX Font Info:    Font shape `OT1/pplx/bx/n' in size <10> not available
(Font)              Font shape `OT1/pplx/b/n' tried instead on input line 128.
[1

{/var/lib/texmf/fonts/map/pdftex/updmap/pdftex.map}]
LaTeX Font Info:    Font shape `OT1/pplx/bx/n' in size <14.4> not available
(Font)              Font shape `OT1/pplx/b/n' tried instead on input line 136.
LaTeX Font Info:    Font shape `OT1/pplx/bx/n' in size <12> not available
(Font)              Font shape `OT1/pplx/b/n' tried instead on input line 138.
LaTeX Font Info:    Font shape `U/msa/m/n' will be
(Font)              scaled to size 11.40997pt on input line 139.
LaTeX Font Info:    Font shape `U/msa/m/n' will be
(Font)              scaled to size 8.33606pt on input line 139.
LaTeX Font Info:    Font shape `U/msa/m/n' will be
(Font)              scaled to size 6.25204pt on input line 139.
LaTeX Font Info:    Font shape `U/msb/m/n' will be
(Font)              scaled to size 11.40997pt on input line 139.
LaTeX Font Info:    Font shape `U/msb/m/n' will be
(Font)              scaled to size 8.33606pt on input line 139.
LaTeX Font Info:    Font shape `U/msb/m/n' will be
(Font)              scaled to size 6.25204pt on input line 139.
 [2] [3]
LaTeX Font Info:    Try loading font information for U+fplmbb on input line 168
.

(/usr/share/texlive/texmf-dist/tex/latex/psnfss/ufplmbb.fd
File: ufplmbb.fd 2003/10/30 Fontinst v1.914 font definitions for U/fplmbb.
) [4] [5]
Overfull \hbox (6.13115pt too wide) in paragraph at lines 227--231
[]\OT1/pplx/m/n/10.95 As a san-ity check, the im-puted po-ten-tial out-comes in
 FRT-[]2[] sat-isfy $\OML/zplm/m/it/10.95 H[]\OT1/zplm/m/n/10.95 (\OML/zplm/m/i
t/10.95 C\OT1/pplx/m/n/10.95 , \OML/zplm/m/it/10.95 x\OT1/pplx/m/n/10.95 , [], 
[]\OT1/zplm/m/n/10.95 )$ \OT1/pplx/m/n/10.95 and $\OML/zplm/m/it/10.95 Y[]\OT1/
zplm/m/n/10.95 (\OML/zplm/m/it/10.95 W[]\OT1/zplm/m/n/10.95 ) =
 []

LaTeX Font Info:    Font shape `OT1/pplx/bx/n' in size <10.95> not available
(Font)              Font shape `OT1/pplx/b/n' tried instead on input line 239.
[6] [7] [8]
Overfull \hbox (4.6367pt too wide) in paragraph at lines 346--347
[]\OT1/pplx/m/n/10.95 There are two sit-u-a-tions where the $\OML/zplm/m/it/10.
95 B$ \OT1/pplx/m/n/10.95 is suit-able: equal vari-ances, and test-ing a one-di
mensional
 []

[9]
Overfull \hbox (16.44817pt too wide) in paragraph at lines 373--374
[]\OT1/pplx/b/n/10.95 Theorem 3. []\OT1/pplx/m/n/10.95 If As-sump-tion []1[] ho
lds, then un-der $\OML/zplm/m/it/10.95 H[]\OT1/zplm/m/n/10.95 (\OML/zplm/m/it/1
0.95 C\OT1/pplx/m/n/10.95 , 0[]\OT1/zplm/m/n/10.95 )$\OT1/pplx/m/n/10.95 , $\OM
L/zplm/m/it/10.95 m \OMS/zplm/m/n/10.95 ^^B \OML/zplm/m/it/10.95 F [] [][] ^^U[
][]CVC[]\OT1/zplm/m/n/10.95 ([]\OML/zplm/m/it/10.95 CP[]C[]\OT1/zplm/m/n/10.95 
)[][]\OML/zplm/m/it/10.95 ^^X[]$
 []

[10]

Package hyperref Warning: Token not allowed in a PDF string (PDFDocEncoding):
(hyperref)                removing `math shift' on input line 431.


Package hyperref Warning: Token not allowed in a PDF string (PDFDocEncoding):
(hyperref)                removing `superscript' on input line 431.


Package hyperref Warning: Token not allowed in a PDF string (PDFDocEncoding):
(hyperref)                removing `math shift' on input line 431.

[11] [12] [13] [14] [15] [16] [17] [18] [19]
<Visuals/BrunnerAnova.pdf, id=644, 433.62pt x 361.35pt>
File: Visuals/BrunnerAnova.pdf Graphic file (type pdf)

<use Visuals/BrunnerAnova.pdf>
Package pdftex.def Info: Visuals/BrunnerAnova.pdf used on input line 783.
(pdftex.def)             Requested size: 225.4804pt x 187.90308pt.

<Visuals/BrunnerFact.pdf, id=645, 433.62pt x 361.35pt>
File: Visuals/BrunnerFact.pdf Graphic file (type pdf)

<use Visuals/BrunnerFact.pdf>
Package pdftex.def Info: Visuals/BrunnerFact.pdf used on input line 784.
(pdftex.def)             Requested size: 225.4804pt x 187.90308pt.
 <Visuals/Block.pdf, id=651, 433.62pt x 361.35pt>
File: Visuals/Block.pdf Graphic file (type pdf)

<use Visuals/Block.pdf>
Package pdftex.def Info: Visuals/Block.pdf used on input line 800.
(pdftex.def)             Requested size: 216.80946pt x 180.67456pt.
 [20 <./Visuals/BrunnerAnova.pdf> <./Visuals/BrunnerFact.pdf>] <Visuals/1D-CI1.
pdf, id=675, 433.62pt x 361.35pt>
File: Visuals/1D-CI1.pdf Graphic file (type pdf)

<use Visuals/1D-CI1.pdf>
Package pdftex.def Info: Visuals/1D-CI1.pdf used on input line 826.
(pdftex.def)             Requested size: 225.4804pt x 187.90308pt.
 <Visuals/1D-CI2.pdf, id=676, 433.62pt x 361.35pt>
File: Visuals/1D-CI2.pdf Graphic file (type pdf)

<use Visuals/1D-CI2.pdf>
Package pdftex.def Info: Visuals/1D-CI2.pdf used on input line 827.
(pdftex.def)             Requested size: 225.4804pt x 187.90308pt.

<Visuals/2D-FRTvsAsymp.pdf, id=677, 433.62pt x 361.35pt>
File: Visuals/2D-FRTvsAsymp.pdf Graphic file (type pdf)

<use Visuals/2D-FRTvsAsymp.pdf>
Package pdftex.def Info: Visuals/2D-FRTvsAsymp.pdf used on input line 833.
(pdftex.def)             Requested size: 225.4804pt x 187.90308pt.

<Visuals/pvscatterFact.pdf, id=678, 433.62pt x 361.35pt>
File: Visuals/pvscatterFact.pdf Graphic file (type pdf)

<use Visuals/pvscatterFact.pdf>
Package pdftex.def Info: Visuals/pvscatterFact.pdf used on input line 834.
(pdftex.def)             Requested size: 225.4804pt x 187.90308pt.
 [21 <./Visuals/Block.pdf>] [22 <./Visuals/1D-CI1.pdf> <./Visuals/1D-CI2.pdf>] 
[23 <./Visuals/2D-FRTvsAsymp.pdf> <./Visuals/pvscatterFact.pdf>] [24] (./Studen
tWriteup.bbl [25] [26] [27] [28] [29]) [30]
LaTeX Font Info:    Font shape `OT1/pplx/bx/n' in size <20.74> not available
(Font)              Font shape `OT1/pplx/b/n' tried instead on input line 923.
pdfTeX warning (ext4): destination with the same identifier (name{section.1}) h
as been already used, duplicate ignored
<to be read again> 
                   \relax 
l.972 \section{Lemmas}
                      \label{a::lemmas} [1

] [2]
Overfull \hbox (21.06422pt too wide) in paragraph at lines 1061--1061
[] 
 []

[3] [4]
Overfull \hbox (2.17168pt too wide) in paragraph at lines 1158--1158
[] 
 []

[5]pdfTeX warning (ext4): destination with the same identifier (name{section.2}
) has been already used, duplicate ignored
<to be read again> 
                   \relax 
l.1176 \section{Proofs of the Main Theorems}
                                             [6]pdfTeX warning (ext4): destinat
ion with the same identifier (name{equation.2.3}) has been already used, duplic
ate ignored
<to be read again> 
                   \relax 
l.1229 \begin{equation}
                       \label{e:mainpf1}pdfTeX warning (ext4): destination with
 the same identifier (name{equation.2.3}) has been already used, duplicate igno
red
<to be read again> 
                   \relax 
l.1229 \begin{equation}
                       \label{e:mainpf1}pdfTeX warning (ext4): destination with
 the same identifier (name{equation.2.3}) has been already used, duplicate igno
red
<to be read again> 
                   \relax 
l.1229 \begin{equation}
                       \label{e:mainpf1}pdfTeX warning (ext4): destination with
 the same identifier (name{equation.2.3}) has been already used, duplicate igno
red
<to be read again> 
                   \relax 
l.1229 \begin{equation}
                       \label{e:mainpf1}
Overfull \hbox (9.31711pt too wide) detected at line 1248
[]\OT1/zplm/m/n/10.95 (\OML/zplm/m/it/10.95 C[]Y[] \OMS/zplm/m/n/10.95 ^^@ \OML
/zplm/m/it/10.95 x\OT1/zplm/m/n/10.95 ) = []\OML/zplm/m/it/10.95 C\OT1/zplm/m/n
/10.95 ([]\OML/zplm/m/it/10.95 Y[] \OMS/zplm/m/n/10.95 ^^@ []\OT1/zplm/m/n/10.9
5 )/[] = []\OML/zplm/m/it/10.95 C[]V[] [] \OMS/zplm/m/n/10.95 N[]\OT1/pplx/m/n/
10.95 0[], \OML/zplm/m/it/10.95 C\OT1/zplm/m/n/10.95 (\OML/zplm/m/it/10.95 P[] 
\OMS/zplm/m/n/10.95 ^^@ \OT1/pplx/m/n/10.95 1[]1[]\OT1/zplm/m/n/10.95 )\OML/zpl
m/m/it/10.95 C[][] [] \OMS/zplm/m/n/10.95 N\OT1/zplm/m/n/10.95 (\OT1/pplx/m/n/1
0.95 0[], \OML/zplm/m/it/10.95 CP[]C[]\OT1/zplm/m/n/10.95 )\OT1/pplx/m/n/10.95 
,
 []

[7] [8]
Overfull \hbox (23.97673pt too wide) in paragraph at lines 1299--1301
\OT1/pplx/m/n/10.95 Extending pre-vi-ous no-ta-tion to the SRE, put $[] \OT1/zp
lm/m/n/10.95 = \OML/zplm/m/it/10.95 N[] [][] I\OT1/zplm/m/n/10.95 (\OML/zplm/m/
it/10.95 X[] \OT1/zplm/m/n/10.95 = \OML/zplm/m/it/10.95 h\OT1/zplm/m/n/10.95 )\
OML/zplm/m/it/10.95 Y[]$\OT1/pplx/m/n/10.95 , $[] \OT1/zplm/m/n/10.95 := \OML/z
plm/m/it/10.95 N[] [][] N[]z[]$\OT1/pplx/m/n/10.95 .
 []

[9]
Overfull \hbox (15.44342pt too wide) detected at line 1333
[]\OT1/zplm/m/n/10.95 (\OT1/pplx/m/n/10.95 1\OT1/zplm/m/n/10.95 )[] = [] [] \OM
L/zplm/m/it/10.95 Y[]\OT1/zplm/m/n/10.95 (\OT1/pplx/m/n/10.95 1\OT1/zplm/m/n/10
.95 )[] = [] [](\OML/zplm/m/it/10.95 z[] \OT1/zplm/m/n/10.95 + \OML/zplm/m/it/1
0.95 Y[] \OMS/zplm/m/n/10.95 ^^@ \OML/zplm/m/it/10.95 z[]\OT1/zplm/m/n/10.95 ) 
= \OML/zplm/m/it/10.95 z[] \OT1/zplm/m/n/10.95 + [] [] \OML/zplm/m/it/10.95 N[]
[]Y\OT1/zplm/m/n/10.95 (\OML/zplm/m/it/10.95 j\OT1/zplm/m/n/10.95 )[] \OMS/zplm
/m/n/10.95 ^^@ [] [] \OML/zplm/m/it/10.95 z[] \OT1/zplm/m/n/10.95 + [] \OML/zpl
m/m/it/10.95 p[][]\OT1/zplm/m/n/10.95 (\OML/zplm/m/it/10.95 j\OT1/zplm/m/n/10.9
5 )[] \OMS/zplm/m/n/10.95 ^^@ []\OT1/pplx/m/n/10.95 .
 []

pdfTeX warning (ext4): destination with the same identifier (name{equation.2.4}
) has been already used, duplicate ignored
<to be read again> 
                   \relax 
l.1349 \end{align}
                   [10] [11]pdfTeX warning (ext4): destination with the same id
entifier (name{section.3}) has been already used, duplicate ignored
<to be read again> 
                   \relax 
l.1386 \section{Proofs of other results}
                                        
Overfull \hbox (13.56662pt too wide) detected at line 1393
[] []\OMS/zplm/m/n/10.95 f\OML/zplm/m/it/10.95 Y[]\OT1/zplm/m/n/10.95 (\OML/zpl
m/m/it/10.95 j\OT1/zplm/m/n/10.95 ) \OMS/zplm/m/n/10.95 ^^@ []\OT1/zplm/m/n/10.
95 (\OML/zplm/m/it/10.95 j\OT1/zplm/m/n/10.95 )\OMS/zplm/m/n/10.95 g[] \OT1/zpl
m/m/n/10.95 = [] [][] \OMS/zplm/m/n/10.95 ^^T [] [][] ^^T [] ! \OT1/pplx/m/n/10
.95 0.
 []


Overfull \hbox (37.90959pt too wide) detected at line 1427
\U/fplmbb/m/n/10.95 P [] \OMS/zplm/m/n/10.95 ^^U \OT1/pplx/m/n/10.95 1 \OMS/zpl
m/m/n/10.95 ^^@ \U/fplmbb/m/n/10.95 P\OMS/zplm/m/n/10.95 f\OML/zplm/m/it/10.95 
G[]\OT1/zplm/m/n/10.95 (\OML/zplm/m/it/10.95 T\OT1/zplm/m/n/10.95 ) \OMS/zplm/m
/n/10.95 ^^T \OT1/pplx/m/n/10.95 1 \OMS/zplm/m/n/10.95 ^^@ \OML/zplm/m/it/10.95
 \OMS/zplm/m/n/10.95 g \OT1/zplm/m/n/10.95 = \OT1/pplx/m/n/10.95 1 \OMS/zplm/m
/n/10.95 ^^@ \OML/zplm/m/it/10.95 F[] []\OMS/zplm/m/n/10.95 f\OML/zplm/m/it/10.
95 t \OT1/zplm/m/n/10.95 : \OML/zplm/m/it/10.95 G[]\OT1/zplm/m/n/10.95 (\OML/zp
lm/m/it/10.95 t\OT1/zplm/m/n/10.95 ) \OMS/zplm/m/n/10.95 ^^T \OT1/pplx/m/n/10.9
5 1 \OMS/zplm/m/n/10.95 ^^@ \OML/zplm/m/it/10.95 \OMS/zplm/m/n/10.95 g[] ^^U \
OT1/pplx/m/n/10.95 1 \OMS/zplm/m/n/10.95 ^^@ \OML/zplm/m/it/10.95 F\OT1/zplm/m/
n/10.95 (\OML/zplm/m/it/10.95 x\OT1/zplm/m/n/10.95 ) \OML/zplm/m/it/10.95 > 
 []

[12] [13]

LaTeX Font Warning: Command \footnotesize invalid in math mode on input line 14
82.


LaTeX Font Warning: Command \footnotesize invalid in math mode on input line 14
82.

[14]
Package atveryend Info: Empty hook `BeforeClearDocument' on input line 1513.
 [15]
Package atveryend Info: Empty hook `AfterLastShipout' on input line 1513.
 (./StudentWriteup.aux)
Package atveryend Info: Executing hook `AtVeryEndDocument' on input line 1513.
Package atveryend Info: Executing hook `AtEndAfterFileList' on input line 1513.

Package rerunfilecheck Info: File `StudentWriteup.out' has not changed.
(rerunfilecheck)             Checksum: 440B8CDA2901E1DD945619B68B701B95;2346.


LaTeX Font Warning: Some font shapes were not available, defaults substituted.

Package atveryend Info: Empty hook `AtVeryVeryEnd' on input line 1513.
 ) 
Here is how much of TeX's memory you used:
 12581 strings out of 493029
 187080 string characters out of 6136233
 310327 words of memory out of 5000000
 15615 multiletter control sequences out of 15000+600000
 57623 words of font info for 173 fonts, out of 8000000 for 9000
 1141 hyphenation exceptions out of 8191
 41i,24n,43p,1636b,568s stack positions out of 5000i,500n,10000p,200000b,80000s
{/usr/share/texlive/texmf-dist/fonts/enc/dvips/base/8r.enc}</usr/share/texliv
e/texmf-dist/fonts/type1/public/amsfonts/cm/cmex10.pfb></usr/share/texlive/texm
f-dist/fonts/type1/public/amsfonts/cm/cmmi10.pfb></usr/share/texlive/texmf-dist
/fonts/type1/public/amsfonts/cm/cmr10.pfb></usr/share/texlive/texmf-dist/fonts/
type1/public/amsfonts/cm/cmsy10.pfb></usr/share/texlive/texmf-dist/fonts/type1/
public/amsfonts/cm/cmsy7.pfb></usr/share/texlive/texmf-dist/fonts/type1/public/
amsfonts/cm/cmsy9.pfb></usr/share/texlive/texmf-dist/fonts/type1/public/mathpaz
o/fplmbb.pfb></usr/share/texlive/texmf-dist/fonts/type1/public/mathpazo/fplmr.p
fb></usr/share/texlive/texmf-dist/fonts/type1/public/mathpazo/fplmri.pfb></usr/
share/texlive/texmf-dist/fonts/type1/urw/palatino/uplb8a.pfb></usr/share/texliv
e/texmf-dist/fonts/type1/urw/palatino/uplr8a.pfb></usr/share/texlive/texmf-dist
/fonts/type1/urw/palatino/uplri8a.pfb>
Output written on StudentWriteup.pdf (45 pages, 394155 bytes).
PDF statistics:
 1145 PDF objects out of 1200 (max. 8388607)
 1057 compressed objects within 11 object streams
 234 named destinations out of 1000 (max. 500000)
 300 words of extra memory for PDF output out of 10000 (max. 10000000)

