\BOOKMARK [1][-]{section.1}{Introduction to the Fisher Randomization Test in Experiments}{}% 1
\BOOKMARK [2][-]{subsection.1.1}{Literature Review}{section.1}% 2
\BOOKMARK [2][-]{subsection.1.2}{Our Contributions}{section.1}% 3
\BOOKMARK [2][-]{subsection.1.3}{Notation}{section.1}% 4
\BOOKMARK [1][-]{section.2}{FRTs Under the Potential Outcomes Framework}{}% 5
\BOOKMARK [2][-]{subsection.2.1}{Notation for Completely Randomized Experiments}{section.2}% 6
\BOOKMARK [2][-]{subsection.2.2}{FRTs for Sharp and Weak Null Hypotheses}{section.2}% 7
\BOOKMARK [2][-]{subsection.2.3}{Basic Asymptotics for Finite Population Causal Inference}{section.2}% 8
\BOOKMARK [1][-]{section.3}{Test Statistics}{}% 9
\BOOKMARK [2][-]{subsection.3.1}{Studentized Statistic}{section.3}% 10
\BOOKMARK [2][-]{subsection.3.2}{Box-Type Statistic}{section.3}% 11
\BOOKMARK [2][-]{subsection.3.3}{Statistics From the Ordinary Least Squares}{section.3}% 12
\BOOKMARK [1][-]{section.4}{Special Cases}{}% 13
\BOOKMARK [2][-]{subsection.4.1}{One-Way Analysis of Variance}{section.4}% 14
\BOOKMARK [2][-]{subsection.4.2}{Treatment-Control Experiments}{section.4}% 15
\BOOKMARK [2][-]{subsection.4.3}{2K Factorial Designs}{section.4}% 16
\BOOKMARK [2][-]{subsection.4.4}{One-Sided Tests}{section.4}% 17
\BOOKMARK [2][-]{subsection.4.5}{Cluster-Randomized Experiments}{section.4}% 18
\BOOKMARK [2][-]{subsection.4.6}{Hodges\205Lehmann estimation}{section.4}% 19
\BOOKMARK [1][-]{section.5}{Extensions}{}% 20
\BOOKMARK [2][-]{subsection.5.1}{Stratified Randomized Experiment}{section.5}% 21
\BOOKMARK [2][-]{subsection.5.2}{Multiple Outcomes and Multiple Testings}{section.5}% 22
\BOOKMARK [1][-]{section.6}{Simulations}{}% 23
\BOOKMARK [2][-]{subsection.6.1}{Breaking the Box-Type Statistic}{section.6}% 24
\BOOKMARK [2][-]{subsection.6.2}{Confidence Regions}{section.6}% 25
\BOOKMARK [1][-]{section.7}{Applications}{}% 26
\BOOKMARK [2][-]{subsection.7.1}{Financial Incentives for Exercise}{section.7}% 27
\BOOKMARK [2][-]{subsection.7.2}{Academic Support Services and Financial Incentives for Grades}{section.7}% 28
\BOOKMARK [1][-]{section.8}{Discussion}{}% 29
\BOOKMARK [1][-]{section.9}{Acknowledgments}{}% 30
\BOOKMARK [1][-]{section.1}{Lemmas}{}% 31
\BOOKMARK [1][-]{section.2}{Proofs of the Main Theorems}{}% 32
\BOOKMARK [1][-]{section.3}{Proofs of other results}{}% 33
